<?xml version="1.0" encoding="UTF-8"?>
<testsuite name="GoogleSearchTests" tests="1" skipped="0" failures="0" errors="0" timestamp="2023-08-31T16:30:18" hostname="YRS0013" time="7.055">
  <properties/>
  <testcase name="selenideSearchTest()" classname="GoogleSearchTests" time="7.055"/>
  <system-out><![CDATA[]]></system-out>
  <system-err><![CDATA[SLF4J: No SLF4J providers were found.
SLF4J: Defaulting to no-operation (NOP) logger implementation
SLF4J: See https://www.slf4j.org/codes.html#noProviders for further details.
авг. 31, 2023 7:30:23 PM org.openqa.selenium.devtools.CdpVersionFinder findNearestMatch
WARNING: Unable to find an exact match for CDP version 116, so returning the closest version found: 115
]]></system-err>
</testsuite>
